<?xml version="1.0" encoding="UTF-8"?>
<testng-results ignored="0" total="1" passed="1" failed="0" skipped="0">
  <reporter-output>
  </reporter-output>
  <suite started-at="2021-12-27T09:37:20 IST" name="Default suite" finished-at="2021-12-27T09:37:21 IST" duration-ms="654">
    <groups>
    </groups>
    <test started-at="2021-12-27T09:37:20 IST" name="Default test" finished-at="2021-12-27T09:37:21 IST" duration-ms="654">
      <class name="jacksondatalib.jacksonpath">
        <test-method signature="CreatingNestedJsonObjectTest()[pri:0, instance:jacksondatalib.jacksonpath@3246fb96]" started-at="2021-12-27T09:37:21 IST" name="CreatingNestedJsonObjectTest" finished-at="2021-12-27T09:37:21 IST" duration-ms="543" status="PASS">
          <reporter-output>
          </reporter-output>
        </test-method> <!-- CreatingNestedJsonObjectTest -->
      </class> <!-- jacksondatalib.jacksonpath -->
    </test> <!-- Default test -->
  </suite> <!-- Default suite -->
</testng-results>
